<?xml version="1.0" encoding="utf-8" standalone="no"?>
<test-run id="0" runstate="Runnable" testcasecount="1" result="Passed" total="1" passed="1" failed="0" inconclusive="0" skipped="0" asserts="1" engine-version="3.11.0.0" clr-version="4.0.30319.42000" start-time="2020-02-12 01:57:57Z" end-time="2020-02-12 01:57:58Z" duration="0.948442">
  <command-line><![CDATA["C:\Program Files (x86)\NUnit.org\nunit-console\nunit3-console.exe"  .\NUnit.Extension.TestMonitor.Tests\bin\Debug\net48\NUnit.Extension.TestMonitor.Tests.dll]]></command-line>
  <test-suite type="Assembly" id="0-1002" name="NUnit.Extension.TestMonitor.Tests.dll" fullname="C:\gitrepo\personalcode\NUnit.Extension.TestMonitor\NUnit.Extension.TestMonitor\NUnit.Extension.TestMonitor.Tests\bin\Debug\net48\NUnit.Extension.TestMonitor.Tests.dll" runstate="Runnable" testcasecount="1" result="Passed" start-time="2020-02-12 01:57:58Z" end-time="2020-02-12 01:57:58Z" duration="0.076171" total="1" passed="1" failed="0" warnings="0" inconclusive="0" skipped="0" asserts="1">
    <environment framework-version="3.12.0.0" clr-version="4.0.30319.42000" os-version="Microsoft Windows NT 10.0.18363.0" platform="Win32NT" cwd="C:\gitrepo\personalcode\NUnit.Extension.TestMonitor\NUnit.Extension.TestMonitor" machine-name="DESKTOP-J5PKQ18" user="mikeb" user-domain="DESKTOP-J5PKQ18" culture="en-US" uiculture="en-US" os-architecture="x64" />
    <settings>
      <setting name="DisposeRunners" value="True" />
      <setting name="WorkDirectory" value="C:\gitrepo\personalcode\NUnit.Extension.TestMonitor\NUnit.Extension.TestMonitor" />
      <setting name="ImageRuntimeVersion" value="4.0.30319" />
      <setting name="ImageTargetFrameworkName" value=".NETFramework,Version=v4.8" />
      <setting name="ImageRequiresX86" value="False" />
      <setting name="ImageRequiresDefaultAppDomainAssemblyResolver" value="False" />
      <setting name="RuntimeFramework" value="net-4.0" />
      <setting name="NumberOfTestWorkers" value="8" />
    </settings>
    <properties>
      <property name="_PID" value="47612" />
      <property name="_APPDOMAIN" value="domain-" />
    </properties>
    <test-suite type="TestSuite" id="0-1003" name="NUnit" fullname="NUnit" runstate="Runnable" testcasecount="1" result="Passed" start-time="2020-02-12 01:57:58Z" end-time="2020-02-12 01:57:58Z" duration="0.052470" total="1" passed="1" failed="0" warnings="0" inconclusive="0" skipped="0" asserts="1">
      <test-suite type="TestSuite" id="0-1004" name="Extension" fullname="NUnit.Extension" runstate="Runnable" testcasecount="1" result="Passed" start-time="2020-02-12 01:57:58Z" end-time="2020-02-12 01:57:58Z" duration="0.051769" total="1" passed="1" failed="0" warnings="0" inconclusive="0" skipped="0" asserts="1">
        <test-suite type="TestSuite" id="0-1005" name="TestMonitor" fullname="NUnit.Extension.TestMonitor" runstate="Runnable" testcasecount="1" result="Passed" start-time="2020-02-12 01:57:58Z" end-time="2020-02-12 01:57:58Z" duration="0.051759" total="1" passed="1" failed="0" warnings="0" inconclusive="0" skipped="0" asserts="1">
          <test-suite type="TestSuite" id="0-1006" name="Tests" fullname="NUnit.Extension.TestMonitor.Tests" runstate="Runnable" testcasecount="1" result="Passed" start-time="2020-02-12 01:57:58Z" end-time="2020-02-12 01:57:58Z" duration="0.051710" total="1" passed="1" failed="0" warnings="0" inconclusive="0" skipped="0" asserts="1">
            <test-suite type="TestFixture" id="0-1000" name="TestMonitorExtensionTests" fullname="NUnit.Extension.TestMonitor.Tests.TestMonitorExtensionTests" classname="NUnit.Extension.TestMonitor.Tests.TestMonitorExtensionTests" runstate="Runnable" testcasecount="1" result="Passed" start-time="2020-02-12 01:57:58Z" end-time="2020-02-12 01:57:58Z" duration="0.045872" total="1" passed="1" failed="0" warnings="0" inconclusive="0" skipped="0" asserts="1">
              <test-case id="0-1001" name="Should_Work" fullname="NUnit.Extension.TestMonitor.Tests.TestMonitorExtensionTests.Should_Work" methodname="Should_Work" classname="NUnit.Extension.TestMonitor.Tests.TestMonitorExtensionTests" runstate="Runnable" seed="1054106152" result="Passed" start-time="2020-02-12 01:57:58Z" end-time="2020-02-12 01:57:58Z" duration="0.033551" asserts="1">
                <output><![CDATA[Running Should_Work
]]></output>
              </test-case>
            </test-suite>
          </test-suite>
        </test-suite>
      </test-suite>
    </test-suite>
  </test-suite>
</test-run>